<?xml version="1.0" encoding="UTF-8"?>
<testng-results skipped="0" failed="0" ignored="0" total="1" passed="1">
  <reporter-output>
  </reporter-output>
  <suite name="Default suite" duration-ms="42202" started-at="2021-02-17T05:35:11Z" finished-at="2021-02-17T05:35:53Z">
    <groups>
    </groups>
    <test name="Default test" duration-ms="42202" started-at="2021-02-17T05:35:11Z" finished-at="2021-02-17T05:35:53Z">
      <class name="org.order.Login">
        <test-method status="PASS" signature="tc1()[pri:0, instance:org.order.Login@cb5822]" name="tc1" duration-ms="42114" started-at="2021-02-17T05:35:11Z" finished-at="2021-02-17T05:35:53Z">
          <reporter-output>
          </reporter-output>
        </test-method> <!-- tc1 -->
      </class> <!-- org.order.Login -->
    </test> <!-- Default test -->
  </suite> <!-- Default suite -->
</testng-results>
